2018-04-10 13:58:35,089 DEBUG     [command.py:74(apdu_type_check)] ------------------------------------------------------------
2018-04-10 13:58:35,091 DEBUG     [command.py:75(apdu_type_check)] Select File
2018-04-10 13:58:35,091 DEBUG     [command.py:76(apdu_type_check)] <-APDU req: 00A404000DA0000001514246554441445F53
2018-04-10 13:58:35,091 DEBUG     [command.py:80(apdu_type_check)] Select by AID
2018-04-10 13:58:35,091 DEBUG     [command.py:83(apdu_type_check)] ->APDU res: 6F328409A00000000386980701A5259F0801029F0C1E869820007590FFFF82052000B2D0614C800960A7201405042016050409149000
2018-04-10 13:58:35,091 DEBUG     [command.py:84(apdu_type_check)] 成功执行
2018-04-10 13:58:35,092 DEBUG     [command.py:274(apdu_type_check)] ------------------------------------------------------------
2018-04-10 13:58:35,092 DEBUG     [command.py:275(apdu_type_check)] Initialize Update
2018-04-10 13:58:35,092 DEBUG     [command.py:276(apdu_type_check)] <-APDU req: 8050200008FE7F6F9B367937DF00
2018-04-10 13:58:35,092 DEBUG     [command.py:279(apdu_type_check)] ->APDU res: 9000
2018-04-10 13:58:35,092 DEBUG     [command.py:309(apdu_type_check)] ------------------------------------------------------------
2018-04-10 13:58:35,092 DEBUG     [command.py:310(apdu_type_check)] External Authenticate
2018-04-10 13:58:35,092 DEBUG     [command.py:311(apdu_type_check)] <-APDU req: 8482010010318336DAAE7ECF85950E942802A252F6
2018-04-10 13:58:35,092 DEBUG     [command.py:313(apdu_type_check)] ->APDU res: 9000
2018-04-10 13:58:35,095 DEBUG     [command.py:184(apdu_type_check)] ------------------------------------------------------------
2018-04-10 13:58:35,095 DEBUG     [command.py:185(apdu_type_check)] Put Key
2018-04-10 13:58:35,095 DEBUG     [command.py:186(apdu_type_check)] <-APDU req: 84D820814B2080105209D744068C634908866AED824EE17003E4AED68010C00C3D43F650D6AD787158AACC6E12CC03E953D580100ECFC0269621F4A05230DE92BDE35FEC036D548A9EB5048012499D4C
2018-04-10 13:58:35,095 DEBUG     [command.py:188(apdu_type_check)] ->APDU res: 310BC706A74588F9A74490009000
2018-04-10 13:58:35,095 DEBUG     [command.py:74(apdu_type_check)] ------------------------------------------------------------
2018-04-10 13:58:35,095 DEBUG     [command.py:75(apdu_type_check)] Select File
2018-04-10 13:58:35,095 DEBUG     [command.py:76(apdu_type_check)] <-APDU req: 00A404000DA0000001514246554441445F53
2018-04-10 13:58:35,095 DEBUG     [command.py:80(apdu_type_check)] Select by AID
2018-04-10 13:58:35,096 DEBUG     [command.py:83(apdu_type_check)] ->APDU res: 6F328409A00000000386980701A5259F0801029F0C1E869820007590FFFF82052000B2D0614C800960A7201405042016050409149000
2018-04-10 13:58:35,096 DEBUG     [command.py:84(apdu_type_check)] 成功执行
2018-04-10 13:58:35,096 DEBUG     [command.py:274(apdu_type_check)] ------------------------------------------------------------
2018-04-10 13:58:35,098 DEBUG     [command.py:275(apdu_type_check)] Initialize Update
2018-04-10 13:58:35,098 DEBUG     [command.py:276(apdu_type_check)] <-APDU req: 8050200008EEEE5A03E550358E00
2018-04-10 13:58:35,098 DEBUG     [command.py:279(apdu_type_check)] ->APDU res: 9000
2018-04-10 13:58:35,098 DEBUG     [command.py:309(apdu_type_check)] ------------------------------------------------------------
2018-04-10 13:58:35,098 DEBUG     [command.py:310(apdu_type_check)] External Authenticate
2018-04-10 13:58:35,098 DEBUG     [command.py:311(apdu_type_check)] <-APDU req: 84820100108D6F622E9A349F89B29068B7BB7C1951
2018-04-10 13:58:35,098 DEBUG     [command.py:313(apdu_type_check)] ->APDU res: 9000
2018-04-10 13:58:35,098 DEBUG     [command.py:146(apdu_type_check)] ------------------------------------------------------------
2018-04-10 13:58:35,099 DEBUG     [command.py:147(apdu_type_check)] Install
2018-04-10 13:58:35,099 DEBUG     [command.py:148(apdu_type_check)] <-APDU req: 84E620001900000BA00000000320018698070100000032695FD814E58F1D
2018-04-10 13:58:35,099 DEBUG     [command.py:150(apdu_type_check)] ->APDU res: 9000
2018-04-10 13:58:35,099 DEBUG     [command.py:131(apdu_type_check)] ------------------------------------------------------------
2018-04-10 13:58:35,099 DEBUG     [command.py:132(apdu_type_check)] Store Data
2018-04-10 13:58:35,099 DEBUG     [command.py:133(apdu_type_check)] <-APDU req: 84E2000080DB9F86335A6C824F0D223B8DBF8F4D650064F3CCFC66CBEE63F41750FACF93343B85022D5EDC9EDF9A46D7C35EEEE632E114388DCE2CE6D67D1982BA80E22C27B0BA9E3ABBD985B0D232BC59A7DE03DDC07160A18078F602B9A331BBA16D6884C9463FBC0ED2F8431E286B9A9317D254718D13283994577E6A8C8002DB5DF367
2018-04-10 13:58:35,101 DEBUG     [command.py:135(apdu_type_check)] ->APDU res: 9000
2018-04-10 13:58:35,101 DEBUG     [command.py:131(apdu_type_check)] ------------------------------------------------------------
2018-04-10 13:58:35,101 DEBUG     [command.py:132(apdu_type_check)] Store Data
2018-04-10 13:58:35,101 DEBUG     [command.py:133(apdu_type_check)] <-APDU req: 84E20001D8A0E2264D00F55A6BF4736303AE0ED0CD2C6E2170C68F5A14DBB5F9732EACF1E43B51D85A473A00398B2C9476CF3149BD167C9CAAC28DAA16D5863642DDBB7AC4D9D84D130B34537B15354982D34BE6E450F3B901F0B703C213C034AB381F60C0A2BCAA321D4EC1C810774F06EF681B485A22F88E97A38289B117D91A2C05FAF16A153C60E4CBCFF9184981DB5B7168B2B7290073FF48CE1793FD8990B570159D0FC2B09F62C4322F82BAAEBF95297290FED46B47B3DBFBF2C4F2101603F37085AE7DA4A873C78E155C158D2408BAF2DBEC60890C8C32CC3B
2018-04-10 13:58:35,101 DEBUG     [command.py:135(apdu_type_check)] ->APDU res: 9000
2018-04-10 13:58:35,101 DEBUG     [command.py:131(apdu_type_check)] ------------------------------------------------------------
2018-04-10 13:58:35,101 DEBUG     [command.py:132(apdu_type_check)] Store Data
2018-04-10 13:58:35,101 DEBUG     [command.py:133(apdu_type_check)] <-APDU req: 84E20002F0497DACD9FA7D2A5D05C7A3F0AA9C2E94C6045E749FDC3E6950F28B248E391301A3A84111A9B4CC898B40DDE371CF5C838D72310B5915904EE192F2910C74C1C594EF2338359546876A6C277A65306EB15817AA12688CFDA4726DFB3EA55FBAE87F06C258A894F1D6DB4FEDF88F9AF6BDCA72063611CAD899DC16E0CF5E04BE08618EE960929C1275391DF015F7A54CD7AC3F647F64A98933812EB38682FCD72E2442F5C501221A0D790D6BE7ADDB0DEA49FC77A26DCF614C313C436E280F691B8D77AD7D15E53F640EBB1CC2CE9FF0266F2D75C4023486978471F29C087E5A6472D7D92639630FF25ABF8AD79FC66991
2018-04-10 13:58:35,101 DEBUG     [command.py:135(apdu_type_check)] ->APDU res: 9000
2018-04-10 13:58:35,102 DEBUG     [command.py:131(apdu_type_check)] ------------------------------------------------------------
2018-04-10 13:58:35,102 DEBUG     [command.py:132(apdu_type_check)] Store Data
2018-04-10 13:58:35,102 DEBUG     [command.py:133(apdu_type_check)] <-APDU req: 84E20003E82D9BFE6DBD5641799002424A6634CE3F4349E158B81C1BA932A94307DDCE7AA3551FF9A7EE8F8AF191BBF5D2206BB4DAE1DF7749DBF1C4D56BA04CC0BB853A7FE2BAAD8E170255BA382225626E039B5194B30E41EB22CF1C1C13C7F2ACDB8EC615320CAD975BAC1174E4CD87D2EC05BB85EF126E62E75A9085EF126E62E75A9085EF126E62E75A9085EF126E62E75A9085EF126E62E75A9085EF126E62E75A903D2F9BEC26056B46D747E0DB55107E6785EF126E62E75A9085EF126E62E75A9085EF126E62E75A9085EF126E62E75A9085EF126E62E75A9023DEB0963FE201F5BE84C26FDD28C382
2018-04-10 13:58:35,102 DEBUG     [command.py:135(apdu_type_check)] ->APDU res: 9000
2018-04-10 13:58:35,102 DEBUG     [command.py:131(apdu_type_check)] ------------------------------------------------------------
2018-04-10 13:58:35,102 DEBUG     [command.py:132(apdu_type_check)] Store Data
2018-04-10 13:58:35,102 DEBUG     [command.py:133(apdu_type_check)] <-APDU req: 84E20004A086FAC7283C336F9C85EF126E62E75A9012EB07C55AA06DBD85EF126E62E75A9085EF126E62E75A9085EF126E62E75A9071815831F7026BC5C3E430E8910C155985EF126E62E75A9080667E9210602B1585EF126E62E75A90AB313E978CAE3B2285EF126E62E75A900F97E095DFEF7BEEE335C62003E8049185EF126E62E75A9091CEFF7BC797BF6785EF126E62E75A9029C1A0A51EB974510744A6A025A27E43
2018-04-10 13:58:35,102 DEBUG     [command.py:135(apdu_type_check)] ->APDU res: 9000
2018-04-10 13:58:35,104 DEBUG     [command.py:131(apdu_type_check)] ------------------------------------------------------------
2018-04-10 13:58:35,104 DEBUG     [command.py:132(apdu_type_check)] Store Data
2018-04-10 13:58:35,104 DEBUG     [command.py:133(apdu_type_check)] <-APDU req: 84E280056822CAAE102ECC97303B8CD5D78B01399B332439359FC101892818825E17795B322682343240511143C8C3A3DC08D17F9293CBEE50F8D34D6F0363F8129F6E28513EE5AE59C6F1F8FFD75EBBABBE031737F9C67CBFE37414E356C7B6EF6C2C74BD55C31A0EDEBE6EFB
2018-04-10 13:58:35,104 DEBUG     [command.py:135(apdu_type_check)] ->APDU res: 9000
2018-04-10 14:11:40,434 WARNING   [base.py:152(get_response)] Not Found: /
2018-04-10 14:11:40,513 WARNING   [base.py:152(get_response)] Not Found: /favicon.ico
2018-04-10 14:13:03,000 DEBUG     [command.py:74(apdu_type_check)] ------------------------------------------------------------
2018-04-10 14:13:03,002 DEBUG     [command.py:75(apdu_type_check)] Select File
2018-04-10 14:13:03,002 DEBUG     [command.py:76(apdu_type_check)] <-APDU req: 00A404000DA0000001514246554441445F53
2018-04-10 14:13:03,002 DEBUG     [command.py:80(apdu_type_check)] Select by AID
2018-04-10 14:13:03,002 DEBUG     [command.py:83(apdu_type_check)] ->APDU res: 6F328409A00000000386980701A5259F0801029F0C1E869820007590FFFF82052000B2D0614C800960A7201405042016050409149000
2018-04-10 14:13:03,002 DEBUG     [command.py:84(apdu_type_check)] 成功执行
2018-04-10 14:13:03,003 DEBUG     [command.py:274(apdu_type_check)] ------------------------------------------------------------
2018-04-10 14:13:03,003 DEBUG     [command.py:275(apdu_type_check)] Initialize Update
2018-04-10 14:13:03,003 DEBUG     [command.py:276(apdu_type_check)] <-APDU req: 8050200008C39DC62BA3C02CDF00
2018-04-10 14:13:03,003 DEBUG     [command.py:279(apdu_type_check)] ->APDU res: 9000
2018-04-10 14:13:03,003 DEBUG     [command.py:309(apdu_type_check)] ------------------------------------------------------------
2018-04-10 14:13:03,003 DEBUG     [command.py:310(apdu_type_check)] External Authenticate
2018-04-10 14:13:03,003 DEBUG     [command.py:311(apdu_type_check)] <-APDU req: 848201001060AE16F525D184DD0A2038621962315B
2018-04-10 14:13:03,003 DEBUG     [command.py:313(apdu_type_check)] ->APDU res: 9000
2018-04-10 14:13:03,005 DEBUG     [command.py:184(apdu_type_check)] ------------------------------------------------------------
2018-04-10 14:13:03,005 DEBUG     [command.py:185(apdu_type_check)] Put Key
2018-04-10 14:13:03,005 DEBUG     [command.py:186(apdu_type_check)] <-APDU req: 84D820814B208010650C4EB57B3816A1149A426A77CB6A86032746918010A2E9D7525A9097429E3AF3917584101403F273558010A72ECBCA2DC073D9BBD37CBE755244B803EEA5C08B13D828DD7B3B49
2018-04-10 14:13:03,005 DEBUG     [command.py:188(apdu_type_check)] ->APDU res: 310BC706A74588F9A74490009000
2018-04-10 14:13:03,005 DEBUG     [command.py:74(apdu_type_check)] ------------------------------------------------------------
2018-04-10 14:13:03,005 DEBUG     [command.py:75(apdu_type_check)] Select File
2018-04-10 14:13:03,005 DEBUG     [command.py:76(apdu_type_check)] <-APDU req: 00A404000DA0000001514246554441445F53
2018-04-10 14:13:03,006 DEBUG     [command.py:80(apdu_type_check)] Select by AID
2018-04-10 14:13:03,006 DEBUG     [command.py:83(apdu_type_check)] ->APDU res: 6F328409A00000000386980701A5259F0801029F0C1E869820007590FFFF82052000B2D0614C800960A7201405042016050409149000
2018-04-10 14:13:03,006 DEBUG     [command.py:84(apdu_type_check)] 成功执行
2018-04-10 14:13:03,006 DEBUG     [command.py:274(apdu_type_check)] ------------------------------------------------------------
2018-04-10 14:13:03,006 DEBUG     [command.py:275(apdu_type_check)] Initialize Update
2018-04-10 14:13:03,006 DEBUG     [command.py:276(apdu_type_check)] <-APDU req: 805020000818642A0BB228F29C00
2018-04-10 14:13:03,006 DEBUG     [command.py:279(apdu_type_check)] ->APDU res: 9000
2018-04-10 14:13:03,006 DEBUG     [command.py:309(apdu_type_check)] ------------------------------------------------------------
2018-04-10 14:13:03,006 DEBUG     [command.py:310(apdu_type_check)] External Authenticate
2018-04-10 14:13:03,006 DEBUG     [command.py:311(apdu_type_check)] <-APDU req: 84820100104E4678BE76D8E3ABD8DE554417ACB72C
2018-04-10 14:13:03,006 DEBUG     [command.py:313(apdu_type_check)] ->APDU res: 9000
2018-04-10 14:13:03,007 DEBUG     [command.py:146(apdu_type_check)] ------------------------------------------------------------
2018-04-10 14:13:03,007 DEBUG     [command.py:147(apdu_type_check)] Install
2018-04-10 14:13:03,007 DEBUG     [command.py:148(apdu_type_check)] <-APDU req: 84E620001900000BA000000003200186980701000000D75C25C11ED6A85A
2018-04-10 14:13:03,007 DEBUG     [command.py:150(apdu_type_check)] ->APDU res: 9000
2018-04-10 14:13:03,007 DEBUG     [command.py:131(apdu_type_check)] ------------------------------------------------------------
2018-04-10 14:13:03,007 DEBUG     [command.py:132(apdu_type_check)] Store Data
2018-04-10 14:13:03,007 DEBUG     [command.py:133(apdu_type_check)] <-APDU req: 84E200008018DA71F64B7B110EF4965BA27D119DF15F2E22E1C6D3E2664363A4986505EDB6143FD914153C28B2936B8E1345ED036E889CD2FD1B2BAE316FB88879303BFBD143EE5C03831BB56382F104BC0A454BEE7A1C170065E792455BC64ECE8376FDA56D5800E8A2B9AC129114CBAFE93ED1D27290FFAC96235235458F4D580C31846E
2018-04-10 14:13:03,009 DEBUG     [command.py:135(apdu_type_check)] ->APDU res: 9000
2018-04-10 14:13:03,009 DEBUG     [command.py:131(apdu_type_check)] ------------------------------------------------------------
2018-04-10 14:13:03,009 DEBUG     [command.py:132(apdu_type_check)] Store Data
2018-04-10 14:13:03,009 DEBUG     [command.py:133(apdu_type_check)] <-APDU req: 84E20001D8D8D7FA89260AA4862792D67D91B5E3D90F383544C5635457B66FBC8555E32EEB9828B1E9E07574B236FCB7679FE968509395F7DAD3E560C5CC444DBB3488F61D10F038B415912E369DAE30AE1FC26346C275505BEE5524354C63D12E636FF631B2D50418B0F7CDB67232C912AE0515C43AFCAB74E0BC7961236790F2A2BADF9CEE072DD9D43BFEE81B3E1CE05C27FD11D05B2C02AA3867FCE60A1FC9025BC5B9D92C93FCC09A544F244FCD1BE4CC3503104C983631D564849EB999823837B20707BAA9BBE8B5AE602E60484D0483FD9D8778C36415A2DB3D
2018-04-10 14:13:03,009 DEBUG     [command.py:135(apdu_type_check)] ->APDU res: 9000
2018-04-10 14:13:03,009 DEBUG     [command.py:131(apdu_type_check)] ------------------------------------------------------------
2018-04-10 14:13:03,009 DEBUG     [command.py:132(apdu_type_check)] Store Data
2018-04-10 14:13:03,009 DEBUG     [command.py:133(apdu_type_check)] <-APDU req: 84E20002F01245272AB8B853219D5CA37A4B51F657BEFA31DE66E605904D40828CB2192A5CF0C21BA1D39019DBA7BF58D5A27D07ABE66196AF9DB2AC738FAE8BDB92876FFD945AC3E6B8A57575DB1E194302F688FB0DE93403AFD5629BDC24F39F5CFE4BC9204A6C3ADFACDC3D67DD4526555B291AC5BAAEE59373005291F567FCABCD2856EE25794AF2B635B5DE1DACC188725644800D2690F7D5C3D3AAF8AA0312ABF263EF78F70A553999838F8BA54EFEDD898E3C7770397CA3002844E39AFC25CB3FCDEDC47400D13A502879A8CF6C80E80F99BBDEBD1F3A8CCD4E4EF48317B6B2F79C7ED77E4082F04B0ACCDC9B7D7C1A3922
2018-04-10 14:13:03,009 DEBUG     [command.py:135(apdu_type_check)] ->APDU res: 9000
2018-04-10 14:13:03,010 DEBUG     [command.py:131(apdu_type_check)] ------------------------------------------------------------
2018-04-10 14:13:03,010 DEBUG     [command.py:132(apdu_type_check)] Store Data
2018-04-10 14:13:03,010 DEBUG     [command.py:133(apdu_type_check)] <-APDU req: 84E20003E8BC99C010F0AF48D09252EA3EAB467B58E721F5FE6C00C189DE2448F2638F6D937AD50799417F3C9A1FBA0BC9D655FE663245DAEF40A2902738D36637B9B06D738DE71460911C9FD6EA73A611F4FBCCA5576884D9A4E023D75F82F24494D119CA5A5933A00D4B8BE58756F1E7E9ECA1995528D9E99C249DA65528D9E99C249DA65528D9E99C249DA65528D9E99C249DA65528D9E99C249DA65528D9E99C249DA65E5E27EEACEB09658D935BCF49A7E3BC5528D9E99C249DA65528D9E99C249DA65528D9E99C249DA65528D9E99C249DA65528D9E99C249DA63C0B7D5FECF45E8640C96190967A644D
2018-04-10 14:13:03,010 DEBUG     [command.py:135(apdu_type_check)] ->APDU res: 9000
2018-04-10 14:13:03,010 DEBUG     [command.py:131(apdu_type_check)] ------------------------------------------------------------
2018-04-10 14:13:03,010 DEBUG     [command.py:132(apdu_type_check)] Store Data
2018-04-10 14:13:03,012 DEBUG     [command.py:133(apdu_type_check)] <-APDU req: 84E20004A0A90D8D1FA4FAF8855528D9E99C249DA6CB5107FFBDBE12685528D9E99C249DA65528D9E99C249DA65528D9E99C249DA6139B0B2E4483043305EE0F0D19624DD45528D9E99C249DA67CC7911C02A1EE8C5528D9E99C249DA6463D693B10DA7BA55528D9E99C249DA6831FC4EC9B544B12026D1A3C2D0492755528D9E99C249DA6882D3CF73D0600C25528D9E99C249DA6FDEF8FDFCAAA37DDD66A4FE9A8899767
2018-04-10 14:13:03,012 DEBUG     [command.py:135(apdu_type_check)] ->APDU res: 9000
2018-04-10 14:13:03,012 DEBUG     [command.py:131(apdu_type_check)] ------------------------------------------------------------
2018-04-10 14:13:03,012 DEBUG     [command.py:132(apdu_type_check)] Store Data
2018-04-10 14:13:03,013 DEBUG     [command.py:133(apdu_type_check)] <-APDU req: 84E28005680A08A4C3AE14EA3D97A6100F6C42747E3E3E234C7039C45AD0D83FE541EE53DB9987D942A2F8D7E3B2BACA4360A8E04F7CB16383C687210487096081B5D87BBCA62E2039CD1FAD317A5D571B02B91DFCA8194D5F2456B656D75AF70456E1DF058E14ACD6F6C593CF
2018-04-10 14:13:03,013 DEBUG     [command.py:135(apdu_type_check)] ->APDU res: 9000
